{
  "stats": {
    "suites": 0,
    "tests": 1,
    "passes": 1,
    "pending": 0,
    "failures": 0,
    "start": "2022-12-15T06:20:25.145Z",
    "end": "2022-12-15T06:20:33.725Z",
    "duration": 8580,
    "testsRegistered": 1,
    "passPercent": 100,
    "pendingPercent": 0,
    "other": 0,
    "hasOther": false,
    "skipped": 0,
    "hasSkipped": false
  },
  "results": [
    {
      "uuid": "cc9b78fc-00e5-4d7b-8dc1-8014c60ccae9",
      "title": "",
      "fullFile": "cypress/integration/add_to_cart.ts",
      "file": "cypress/integration/add_to_cart.ts",
      "beforeHooks": [],
      "afterHooks": [],
      "tests": [
        {
          "title": "Test Add to Cart",
          "fullTitle": "Test Add to Cart",
          "timedOut": null,
          "duration": 6047,
          "state": "passed",
          "speed": "medium",
          "pass": true,
          "fail": false,
          "pending": false,
          "context": null,
          "code": "loginPage.login(URL, 'standard_user', 'secret_sauce');\nloginPage.assertLogin();\ndashboardPage.sauceLabsBackpack();\naddtocartPage.addCartSauceLabsBackpack();",
          "err": {},
          "uuid": "f40e985d-2be9-4b70-9845-acbf483f643d",
          "parentUUID": "cc9b78fc-00e5-4d7b-8dc1-8014c60ccae9",
          "isHook": false,
          "skipped": false
        }
      ],
      "suites": [],
      "passes": [
        "f40e985d-2be9-4b70-9845-acbf483f643d"
      ],
      "failures": [],
      "pending": [],
      "skipped": [],
      "duration": 6047,
      "root": true,
      "rootEmpty": false,
      "_timeout": 2000
    }
  ],
  "meta": {
    "mocha": {
      "version": "7.0.1"
    },
    "mochawesome": {
      "options": {
        "quiet": false,
        "reportFilename": "mochawesome",
        "saveHtml": false,
        "saveJson": true,
        "consoleReporter": "spec",
        "useInlineDiffs": false,
        "code": true
      },
      "version": "7.1.3"
    },
    "marge": {
      "options": {
        "chart": true,
        "overwrite": false,
        "html": false,
        "json": true,
        "reportDir": "cypress/reports"
      },
      "version": "6.2.0"
    }
  }
}