{
  "stats": {
    "suites": 0,
    "tests": 1,
    "passes": 1,
    "pending": 0,
    "failures": 0,
    "start": "2022-12-15T06:21:03.476Z",
    "end": "2022-12-15T06:21:18.903Z",
    "duration": 15427,
    "testsRegistered": 1,
    "passPercent": 100,
    "pendingPercent": 0,
    "other": 0,
    "hasOther": false,
    "skipped": 0,
    "hasSkipped": false
  },
  "results": [
    {
      "uuid": "117f1412-086f-439d-9791-4c8a204d5b17",
      "title": "",
      "fullFile": "cypress/integration/checkout.ts",
      "file": "cypress/integration/checkout.ts",
      "beforeHooks": [],
      "afterHooks": [],
      "tests": [
        {
          "title": "Checkout Page Success",
          "fullTitle": "Checkout Page Success",
          "timedOut": null,
          "duration": 10313,
          "state": "passed",
          "speed": "slow",
          "pass": true,
          "fail": false,
          "pending": false,
          "context": null,
          "code": "loginPage.login(URL, 'standard_user', 'secret_sauce');\nloginPage.assertLogin();\ncartPage.cartPage();\ncheckoutPage.checkoutPage();",
          "err": {},
          "uuid": "982eb2cc-866f-48cd-bcf4-3153ee7dcffb",
          "parentUUID": "117f1412-086f-439d-9791-4c8a204d5b17",
          "isHook": false,
          "skipped": false
        }
      ],
      "suites": [],
      "passes": [
        "982eb2cc-866f-48cd-bcf4-3153ee7dcffb"
      ],
      "failures": [],
      "pending": [],
      "skipped": [],
      "duration": 10313,
      "root": true,
      "rootEmpty": false,
      "_timeout": 2000
    }
  ],
  "meta": {
    "mocha": {
      "version": "7.0.1"
    },
    "mochawesome": {
      "options": {
        "quiet": false,
        "reportFilename": "mochawesome",
        "saveHtml": false,
        "saveJson": true,
        "consoleReporter": "spec",
        "useInlineDiffs": false,
        "code": true
      },
      "version": "7.1.3"
    },
    "marge": {
      "options": {
        "chart": true,
        "overwrite": false,
        "html": false,
        "json": true,
        "reportDir": "cypress/reports"
      },
      "version": "6.2.0"
    }
  }
}